<?xml version="1.0" encoding="UTF-8"?>
<!-- Generated by org.testng.reporters.JUnitReportReporter -->
<testsuite hostname="user-PC" name="Test.homePageTest" tests="1" failures="0" timestamp="15 Jul 2017 06:23:35 GMT" time="2.446" errors="0">
  <testcase name="login" time="2.446" classname="Test.homePageTest"/>
</testsuite> <!-- Test.homePageTest -->
